#-----------------------------------------------------------
# Webtalk v2019.1 (64-bit)
# SW Build 2552052 on Fri May 24 14:49:42 MDT 2019
# 
# Start of session at: Fri Oct 11 11:10:53 2019
# Process ID: 13048
# Current directory: C:/Users/rzine07792/source/rzinkstok/agc_clock/agc_clock.sdk/webtalk
# Command line: wbtcv.exe -mode batch -source sdk_webtalk.tcl
# Log file: C:/Users/rzine07792/source/rzinkstok/agc_clock/agc_clock.sdk/webtalk/webtalk.log
# Journal file: C:/Users/rzine07792/source/rzinkstok/agc_clock/agc_clock.sdk/webtalk\webtalk.jou
#-----------------------------------------------------------
source sdk_webtalk.tcl
# webtalk_init -webtalk_dir C:\\Users\\rzine07792\\source\\rzinkstok\\agc_clock\\agc_clock.sdk\\webtalk
# webtalk_register_client -client project
# webtalk_add_data -client project -key date_generated -value "2019-10-11 11:10:51" -context "software_version_and_target_device"
# webtalk_add_data -client project -key product_version -value "SDK v2019.1" -context "software_version_and_target_device"
# webtalk_add_data -client project -key build_version -value "2019.1" -context "software_version_and_target_device"
# webtalk_add_data -client project -key os_platform -value "amd64" -context "software_version_and_target_device"
# webtalk_add_data -client project -key registration_id -value "" -context "software_version_and_target_device"
# webtalk_add_data -client project -key tool_flow -value "SDK" -context "software_version_and_target_device"
# webtalk_add_data -client project -key beta -value "false" -context "software_version_and_target_device"
# webtalk_add_data -client project -key route_design -value "NA" -context "software_version_and_target_device"
# webtalk_add_data -client project -key target_family -value "NA" -context "software_version_and_target_device"
# webtalk_add_data -client project -key target_device -value "NA" -context "software_version_and_target_device"
# webtalk_add_data -client project -key target_package -value "NA" -context "software_version_and_target_device"
# webtalk_add_data -client project -key target_speed -value "NA" -context "software_version_and_target_device"
# webtalk_add_data -client project -key random_id -value "iubm072jilis6ds1jq65smmg95" -context "software_version_and_target_device"
# webtalk_add_data -client project -key project_id -value "2019.1_2" -context "software_version_and_target_device"
# webtalk_add_data -client project -key project_iteration -value "2" -context "software_version_and_target_device"
# webtalk_add_data -client project -key os_name -value "Microsoft Windows 8 or later , 64-bit" -context "user_environment"
# webtalk_add_data -client project -key os_release -value "major release  (build 9200)" -context "user_environment"
# webtalk_add_data -client project -key cpu_name -value "Intel(R) Core(TM) i9-8950HK CPU @ 2.90GHz" -context "user_environment"
# webtalk_add_data -client project -key cpu_speed -value "2904 MHz" -context "user_environment"
# webtalk_add_data -client project -key total_processors -value "1" -context "user_environment"
# webtalk_add_data -client project -key system_ram -value "34.057 GB" -context "user_environment"
# webtalk_register_client -client sdk
# webtalk_add_data -client sdk -key uid -value "1570783793192" -context "sdk\\\\hardware/1570783793192"
# webtalk_add_data -client sdk -key isZynq -value "true" -context "sdk\\\\hardware/1570783793192"
# webtalk_add_data -client sdk -key isZynqMP -value "false" -context "sdk\\\\hardware/1570783793192"
# webtalk_add_data -client sdk -key Processors -value "2" -context "sdk\\\\hardware/1570783793192"
# webtalk_add_data -client sdk -key VivadoVersion -value "2019.1" -context "sdk\\\\hardware/1570783793192"
# webtalk_add_data -client sdk -key Arch -value "zynq" -context "sdk\\\\hardware/1570783793192"
# webtalk_add_data -client sdk -key Device -value "7z020" -context "sdk\\\\hardware/1570783793192"
# webtalk_add_data -client sdk -key IsHandoff -value "true" -context "sdk\\\\hardware/1570783793192"
# webtalk_add_data -client sdk -key os -value "NA" -context "sdk\\\\hardware/1570783793192"
# webtalk_add_data -client sdk -key apptemplate -value "NA" -context "sdk\\\\hardware/1570783793192"
# webtalk_add_data -client sdk -key RecordType -value "HWCreation" -context "sdk\\\\hardware/1570783793192"
# webtalk_add_data -client sdk -key uid -value "1570784028201" -context "sdk\\\\bsp/1570784028201"
# webtalk_add_data -client sdk -key hwid -value "1570783793192" -context "sdk\\\\bsp/1570784028201"
# webtalk_add_data -client sdk -key os -value "standalone" -context "sdk\\\\bsp/1570784028201"
# webtalk_add_data -client sdk -key apptemplate -value "zynq_fsbl" -context "sdk\\\\bsp/1570784028201"
# webtalk_add_data -client sdk -key RecordType -value "BSPCreation" -context "sdk\\\\bsp/1570784028201"
# webtalk_add_data -client sdk -key uid -value "1570784034793" -context "sdk\\\\application/1570784034793"
# webtalk_add_data -client sdk -key hwid -value "1570783793192" -context "sdk\\\\application/1570784034793"
# webtalk_add_data -client sdk -key bspid -value "1570784028201" -context "sdk\\\\application/1570784034793"
# webtalk_add_data -client sdk -key newbsp -value "true" -context "sdk\\\\application/1570784034793"
# webtalk_add_data -client sdk -key os -value "standalone" -context "sdk\\\\application/1570784034793"
# webtalk_add_data -client sdk -key apptemplate -value "zynq_fsbl" -context "sdk\\\\application/1570784034793"
# webtalk_add_data -client sdk -key RecordType -value "APPCreation" -context "sdk\\\\application/1570784034793"
# webtalk_add_data -client sdk -key LangUsed -value "C" -context "sdk\\\\application/1570784034793"
# webtalk_add_data -client sdk -key Procused -value "ps7_cortexa9" -context "sdk\\\\application/1570784034793"
# webtalk_add_data -client sdk -key projSize -value "709.65625" -context "sdk\\\\application/1570784034793"
# webtalk_add_data -client sdk -key uid -value "1570784313041" -context "sdk\\\\application/1570784313041"
# webtalk_add_data -client sdk -key hwid -value "1570783793192" -context "sdk\\\\application/1570784313041"
# webtalk_add_data -client sdk -key bspid -value "1570784028201" -context "sdk\\\\application/1570784313041"
# webtalk_add_data -client sdk -key newbsp -value "false" -context "sdk\\\\application/1570784313041"
# webtalk_add_data -client sdk -key os -value "standalone" -context "sdk\\\\application/1570784313041"
# webtalk_add_data -client sdk -key apptemplate -value "hello_world" -context "sdk\\\\application/1570784313041"
# webtalk_add_data -client sdk -key RecordType -value "APPCreation" -context "sdk\\\\application/1570784313041"
# webtalk_add_data -client sdk -key LangUsed -value "C" -context "sdk\\\\application/1570784313041"
# webtalk_add_data -client sdk -key Procused -value "ps7_cortexa9" -context "sdk\\\\application/1570784313041"
# webtalk_add_data -client sdk -key projSize -value "190.76171875" -context "sdk\\\\application/1570784313041"
# webtalk_add_data -client sdk -key uid -value "NA" -context "sdk\\\\bsp/1570785051653"
# webtalk_add_data -client sdk -key RecordType -value "ToolUsage" -context "sdk\\\\bsp/1570785051653"
# webtalk_add_data -client sdk -key BootgenCount -value "1" -context "sdk\\\\bsp/1570785051653"
# webtalk_add_data -client sdk -key DebugCount -value "0" -context "sdk\\\\bsp/1570785051653"
# webtalk_add_data -client sdk -key PerfCount -value "0" -context "sdk\\\\bsp/1570785051653"
# webtalk_add_data -client sdk -key FlashCount -value "1" -context "sdk\\\\bsp/1570785051653"
# webtalk_add_data -client sdk -key CrossTriggCount -value "0" -context "sdk\\\\bsp/1570785051653"
# webtalk_add_data -client sdk -key QemuDebugCount -value "0" -context "sdk\\\\bsp/1570785051653"
# webtalk_transmit -clientid 1070973829 -regid "" -xml C:\\Users\\rzine07792\\source\\rzinkstok\\agc_clock\\agc_clock.sdk\\webtalk\\usage_statistics_ext_sdk.xml -html C:\\Users\\rzine07792\\source\\rzinkstok\\agc_clock\\agc_clock.sdk\\webtalk\\usage_statistics_ext_sdk.html -wdm C:\\Users\\rzine07792\\source\\rzinkstok\\agc_clock\\agc_clock.sdk\\webtalk\\sdk_webtalk.wdm -intro "<H3>SDK Usage Report</H3><BR>"
INFO: [Common 17-186] 'C:\Users\rzine07792\source\rzinkstok\agc_clock\agc_clock.sdk\webtalk\usage_statistics_ext_sdk.xml' has been successfully sent to Xilinx on Fri Oct 11 11:11:20 2019. For additional details about this file, please refer to the WebTalk help file at C:/Xilinx/SDK/2019.1/doc/webtalk_introduction.html.
webtalk_transmit: Time (s): cpu = 00:00:00 ; elapsed = 00:00:25 . Memory (MB): peak = 94.406 ; gain = 0.000
# webtalk_terminate
INFO: [Common 17-206] Exiting Webtalk at Fri Oct 11 11:11:20 2019...
