Vivado Simulator 2019.1
Copyright 1986-1999, 2001-2019 Xilinx, Inc. All Rights Reserved.
Running: /tools/Xilinx/Vivado/2019.1/bin/unwrapped/lnx64.o/xelab -wto 1ef56bc43af44c9688cd8f3e40edbe1f --incr --debug typical --relax --mt 8 -L axi_infrastructure_v1_1_0 -L axi_vip_v1_1_5 -L processing_system7_vip_v1_0_7 -L xil_defaultlib -L xilinx_vip -L unisims_ver -L unimacro_ver -L secureip -L xpm --snapshot agc_clock_tb_behav xil_defaultlib.agc_clock_tb xil_defaultlib.glbl -log elaborate.log 
Using 8 slave threads.
Starting static elaboration
WARNING: [VRFC 10-3091] actual bit length 1 differs from formal bit length 3 for port 'DDR_ba' [/home/rzinkstok/agc_clock/agc_clock.srcs/sim_1/new/agc_clock_tb.v:64]
WARNING: [VRFC 10-3091] actual bit length 4 differs from formal bit length 1 for port 'DDR_cs_n' [/home/rzinkstok/agc_clock/agc_clock.srcs/sim_1/new/agc_clock_tb.v:69]
WARNING: [VRFC 10-3091] actual bit length 32 differs from formal bit length 4 for port 'DDR_dm' [/home/rzinkstok/agc_clock/agc_clock.srcs/sim_1/new/agc_clock_tb.v:70]
WARNING: [VRFC 10-3091] actual bit length 4 differs from formal bit length 32 for port 'DDR_dq' [/home/rzinkstok/agc_clock/agc_clock.srcs/sim_1/new/agc_clock_tb.v:71]
WARNING: [VRFC 10-3091] actual bit length 1 differs from formal bit length 4 for port 'DDR_dqs_p' [/home/rzinkstok/agc_clock/agc_clock.srcs/sim_1/new/agc_clock_tb.v:73]
WARNING: [VRFC 10-3091] actual bit length 54 differs from formal bit length 1 for port 'FIXED_IO_ddr_vrp' [/home/rzinkstok/agc_clock/agc_clock.srcs/sim_1/new/agc_clock_tb.v:79]
WARNING: [VRFC 10-3091] actual bit length 1 differs from formal bit length 54 for port 'FIXED_IO_mio' [/home/rzinkstok/agc_clock/agc_clock.srcs/sim_1/new/agc_clock_tb.v:80]
WARNING: [VRFC 10-3091] actual bit length 128 differs from formal bit length 64 for port 'WR_DATA_STRB' [/proj/xbuilds/2019.1_0524_1430/infra/XSIM/lin/.cxl.ip/incl/processing_system7_vip_v1_0_7_axi_gp.v:208]
WARNING: [VRFC 10-3091] actual bit length 12 differs from formal bit length 6 for port 'm_axi_bid' [/wrk/2019.1/continuous/2019_05_24_2552052/packages/customer/vivado/data/ip/xilinx/processing_system7_vip_v1_0/hdl/processing_system7_vip_v1_0_vl_rfs.sv:5496]
WARNING: [VRFC 10-3091] actual bit length 12 differs from formal bit length 6 for port 'm_axi_rid' [/wrk/2019.1/continuous/2019_05_24_2552052/packages/customer/vivado/data/ip/xilinx/processing_system7_vip_v1_0/hdl/processing_system7_vip_v1_0_vl_rfs.sv:5514]
WARNING: [VRFC 10-3091] actual bit length 128 differs from formal bit length 64 for port 'WR_DATA_STRB' [/proj/xbuilds/2019.1_0524_1430/infra/XSIM/lin/.cxl.ip/incl/processing_system7_vip_v1_0_7_axi_gp.v:292]
WARNING: [VRFC 10-3091] actual bit length 8 differs from formal bit length 9 for port 'WR_BYTES' [/proj/xbuilds/2019.1_0524_1430/infra/XSIM/lin/.cxl.ip/incl/processing_system7_vip_v1_0_7_axi_hp.v:80]
WARNING: [VRFC 10-3091] actual bit length 8 differs from formal bit length 9 for port 'RD_BYTES' [/proj/xbuilds/2019.1_0524_1430/infra/XSIM/lin/.cxl.ip/incl/processing_system7_vip_v1_0_7_axi_hp.v:89]
WARNING: [VRFC 10-3091] actual bit length 12 differs from formal bit length 6 for port 'm_axi_bid' [/wrk/2019.1/continuous/2019_05_24_2552052/packages/customer/vivado/data/ip/xilinx/processing_system7_vip_v1_0/hdl/processing_system7_vip_v1_0_vl_rfs.sv:10203]
WARNING: [VRFC 10-3091] actual bit length 12 differs from formal bit length 6 for port 'm_axi_rid' [/wrk/2019.1/continuous/2019_05_24_2552052/packages/customer/vivado/data/ip/xilinx/processing_system7_vip_v1_0/hdl/processing_system7_vip_v1_0_vl_rfs.sv:10221]
WARNING: [VRFC 10-3091] actual bit length 32 differs from formal bit length 64 for port 'm_axi_rdata' [/wrk/2019.1/continuous/2019_05_24_2552052/packages/customer/vivado/data/ip/xilinx/processing_system7_vip_v1_0/hdl/processing_system7_vip_v1_0_vl_rfs.sv:10222]
WARNING: [VRFC 10-3091] actual bit length 8 differs from formal bit length 9 for port 'WR_BYTES' [/proj/xbuilds/2019.1_0524_1430/infra/XSIM/lin/.cxl.ip/incl/processing_system7_vip_v1_0_7_axi_hp.v:165]
WARNING: [VRFC 10-3091] actual bit length 8 differs from formal bit length 9 for port 'RD_BYTES' [/proj/xbuilds/2019.1_0524_1430/infra/XSIM/lin/.cxl.ip/incl/processing_system7_vip_v1_0_7_axi_hp.v:174]
WARNING: [VRFC 10-3091] actual bit length 8 differs from formal bit length 9 for port 'WR_BYTES' [/proj/xbuilds/2019.1_0524_1430/infra/XSIM/lin/.cxl.ip/incl/processing_system7_vip_v1_0_7_axi_hp.v:251]
WARNING: [VRFC 10-3091] actual bit length 8 differs from formal bit length 9 for port 'RD_BYTES' [/proj/xbuilds/2019.1_0524_1430/infra/XSIM/lin/.cxl.ip/incl/processing_system7_vip_v1_0_7_axi_hp.v:260]
WARNING: [VRFC 10-3091] actual bit length 8 differs from formal bit length 9 for port 'WR_BYTES' [/proj/xbuilds/2019.1_0524_1430/infra/XSIM/lin/.cxl.ip/incl/processing_system7_vip_v1_0_7_axi_hp.v:337]
WARNING: [VRFC 10-3091] actual bit length 8 differs from formal bit length 9 for port 'RD_BYTES' [/proj/xbuilds/2019.1_0524_1430/infra/XSIM/lin/.cxl.ip/incl/processing_system7_vip_v1_0_7_axi_hp.v:346]
WARNING: [VRFC 10-3091] actual bit length 12 differs from formal bit length 3 for port 'm_axi_bid' [/wrk/2019.1/continuous/2019_05_24_2552052/packages/customer/vivado/data/ip/xilinx/processing_system7_vip_v1_0/hdl/processing_system7_vip_v1_0_vl_rfs.sv:7107]
WARNING: [VRFC 10-3091] actual bit length 12 differs from formal bit length 3 for port 'm_axi_rid' [/wrk/2019.1/continuous/2019_05_24_2552052/packages/customer/vivado/data/ip/xilinx/processing_system7_vip_v1_0/hdl/processing_system7_vip_v1_0_vl_rfs.sv:7125]
WARNING: [VRFC 10-3091] actual bit length 32 differs from formal bit length 64 for port 'm_axi_rdata' [/wrk/2019.1/continuous/2019_05_24_2552052/packages/customer/vivado/data/ip/xilinx/processing_system7_vip_v1_0/hdl/processing_system7_vip_v1_0_vl_rfs.sv:7126]
WARNING: [VRFC 10-3027] 'ocm_wr_strb_port0' was previously declared with a different range [/wrk/2019.1/continuous/2019_05_24_2552052/packages/customer/vivado/data/ip/xilinx/processing_system7_vip_v1_0/hdl/processing_system7_vip_v1_0_vl_rfs.sv:3759]
WARNING: [VRFC 10-3283] element index 64 into 'wrp_strb' is out of bounds [/wrk/2019.1/continuous/2019_05_24_2552052/packages/customer/vivado/data/ip/xilinx/processing_system7_vip_v1_0/hdl/processing_system7_vip_v1_0_vl_rfs.sv:6084]
WARNING: [VRFC 10-3283] element index 128 into 'wrp_strb' is out of bounds [/wrk/2019.1/continuous/2019_05_24_2552052/packages/customer/vivado/data/ip/xilinx/processing_system7_vip_v1_0/hdl/processing_system7_vip_v1_0_vl_rfs.sv:10844]
WARNING: [VRFC 10-3283] element index 128 into 'wrp_strb' is out of bounds [/wrk/2019.1/continuous/2019_05_24_2552052/packages/customer/vivado/data/ip/xilinx/processing_system7_vip_v1_0/hdl/processing_system7_vip_v1_0_vl_rfs.sv:7722]
WARNING: [VRFC 10-3705] select index 4 into 'wr_fifo_rd_ptr' is out of bounds [/wrk/2019.1/continuous/2019_05_24_2552052/packages/customer/vivado/data/ip/xilinx/processing_system7_vip_v1_0/hdl/processing_system7_vip_v1_0_vl_rfs.sv:7935]
WARNING: [VRFC 10-3705] select index 4 into 'ar_cnt' is out of bounds [/wrk/2019.1/continuous/2019_05_24_2552052/packages/customer/vivado/data/ip/xilinx/processing_system7_vip_v1_0/hdl/processing_system7_vip_v1_0_vl_rfs.sv:8074]
WARNING: [VRFC 10-3705] select index 4 into 'wr_rresp_cnt' is out of bounds [/wrk/2019.1/continuous/2019_05_24_2552052/packages/customer/vivado/data/ip/xilinx/processing_system7_vip_v1_0/hdl/processing_system7_vip_v1_0_vl_rfs.sv:8171]
WARNING: [VRFC 10-3705] select index 4 into 'rd_fifo_wr_ptr' is out of bounds [/wrk/2019.1/continuous/2019_05_24_2552052/packages/customer/vivado/data/ip/xilinx/processing_system7_vip_v1_0/hdl/processing_system7_vip_v1_0_vl_rfs.sv:8190]
WARNING: [VRFC 10-3705] select index 4 into 'rd_cnt' is out of bounds [/wrk/2019.1/continuous/2019_05_24_2552052/packages/customer/vivado/data/ip/xilinx/processing_system7_vip_v1_0/hdl/processing_system7_vip_v1_0_vl_rfs.sv:8331]
WARNING: [VRFC 10-3705] select index 4 into 'rresp_time_cnt' is out of bounds [/wrk/2019.1/continuous/2019_05_24_2552052/packages/customer/vivado/data/ip/xilinx/processing_system7_vip_v1_0/hdl/processing_system7_vip_v1_0_vl_rfs.sv:8336]
WARNING: [VRFC 10-3705] select index 4 into 'rd_fifo_rd_ptr' is out of bounds [/wrk/2019.1/continuous/2019_05_24_2552052/packages/customer/vivado/data/ip/xilinx/processing_system7_vip_v1_0/hdl/processing_system7_vip_v1_0_vl_rfs.sv:8341]
Completed static elaboration
Starting simulation data flow analysis
Completed simulation data flow analysis
Time Resolution for simulation is 1ps
Compiling package xilinx_vip.axi_vip_pkg
Compiling package xilinx_vip.xil_common_vip_pkg
Compiling package std.std
Compiling module unisims_ver.IBUF
Compiling module unisims_ver.MMCME2_ADV(CLKFBOUT_MULT_F=48.0,...
Compiling module unisims_ver.BUFG
Compiling module xil_defaultlib.prop_clock_divisor_clk_wiz
Compiling module xil_defaultlib.prop_clock_divisor
Compiling module xil_defaultlib.agc_clock_divisor
Compiling module processing_system7_vip_v1_0_7.processing_system7_vip_v1_0_7_ge...
Compiling module processing_system7_vip_v1_0_7.processing_system7_vip_v1_0_7_ge...
Compiling module processing_system7_vip_v1_0_7.processing_system7_vip_v1_0_7_ar...
Compiling module processing_system7_vip_v1_0_7.processing_system7_vip_v1_0_7_ar...
Compiling module processing_system7_vip_v1_0_7.processing_system7_vip_v1_0_7_fm...
Compiling module processing_system7_vip_v1_0_7.processing_system7_vip_v1_0_7_ar...
Compiling module processing_system7_vip_v1_0_7.processing_system7_vip_v1_0_7_ar...
Compiling module processing_system7_vip_v1_0_7.processing_system7_vip_v1_0_7_ar...
Compiling module processing_system7_vip_v1_0_7.processing_system7_vip_v1_0_7_ar...
Compiling module processing_system7_vip_v1_0_7.processing_system7_vip_v1_0_7_ss...
Compiling module processing_system7_vip_v1_0_7.processing_system7_vip_v1_0_7_in...
Compiling module processing_system7_vip_v1_0_7.processing_system7_vip_v1_0_7_sp...
Compiling module processing_system7_vip_v1_0_7.processing_system7_vip_v1_0_7_dd...
Compiling module processing_system7_vip_v1_0_7.processing_system7_vip_v1_0_7_oc...
Compiling module processing_system7_vip_v1_0_7.processing_system7_vip_v1_0_7_oc...
Compiling module processing_system7_vip_v1_0_7.processing_system7_vip_v1_0_7_re...
Compiling module processing_system7_vip_v1_0_7.processing_system7_vip_v1_0_7_re...
Compiling module xilinx_vip.axi_vip_axi4pc(WDATA_WIDTH=32,RD...
Compiling module xilinx_vip.cb
Compiling module xilinx_vip.axi_vip_if(C_AXI_PROTOCOL=1,C_AX...
Compiling module axi_vip_v1_1_5.axi_vip_v1_1_5_top(C_AXI_PROTOCO...
Compiling module processing_system7_vip_v1_0_7.processing_system7_vip_v1_0_7_ax...
Compiling module processing_system7_vip_v1_0_7.processing_system7_vip_v1_0_7_ax...
Compiling module xilinx_vip.axi_vip_axi4pc(WDATA_WIDTH=32,RD...
Compiling module xilinx_vip.cb
Compiling module xilinx_vip.axi_vip_if(C_AXI_PROTOCOL=1,C_AX...
Compiling module axi_vip_v1_1_5.axi_vip_v1_1_5_top(C_AXI_PROTOCO...
Compiling module processing_system7_vip_v1_0_7.processing_system7_vip_v1_0_7_ax...
Compiling module processing_system7_vip_v1_0_7.processing_system7_vip_v1_0_7_ax...
Compiling module xilinx_vip.axi_vip_axi4pc(PROTOCOL=1,RID_WI...
Compiling module xilinx_vip.cb
Compiling module xilinx_vip.axi_vip_if(C_AXI_PROTOCOL=1,C_AX...
Compiling module axi_vip_v1_1_5.axi_vip_v1_1_5_top(C_AXI_PROTOCO...
Compiling module processing_system7_vip_v1_0_7.processing_system7_vip_v1_0_7_in...
Compiling module processing_system7_vip_v1_0_7.processing_system7_vip_v1_0_7_af...
Compiling module processing_system7_vip_v1_0_7.processing_system7_vip_v1_0_7_af...
Compiling module processing_system7_vip_v1_0_7.processing_system7_vip_v1_0_7_af...
Compiling module processing_system7_vip_v1_0_7.processing_system7_vip_v1_0_7_af...
Compiling module xilinx_vip.axi_vip_axi4pc(PROTOCOL=1,RID_WI...
Compiling module xilinx_vip.cb
Compiling module xilinx_vip.axi_vip_if(C_AXI_PROTOCOL=1,C_AX...
Compiling module axi_vip_v1_1_5.axi_vip_v1_1_5_top(C_AXI_PROTOCO...
Compiling module processing_system7_vip_v1_0_7.processing_system7_vip_v1_0_7_ax...
Compiling module processing_system7_vip_v1_0_7.processing_system7_vip_v1_0_7(C_...
Compiling module xil_defaultlib.zynq_ps_processing_system7_0_0
Compiling module xil_defaultlib.zynq_ps
Compiling module xil_defaultlib.zynq_ps_wrapper
Compiling module xil_defaultlib.agc_clock
Compiling module xil_defaultlib.agc_clock_tb
Compiling module xil_defaultlib.glbl
Built simulation snapshot agc_clock_tb_behav
