23:32:32 INFO  : Registering command handlers for SDK TCF services
23:32:33 INFO  : Launching XSCT server: xsct.bat -interactive C:\Users\rzinkstok\agc_clock\agc_clock.sdk\temp_xsdb_launch_script.tcl
23:32:35 INFO  : XSCT server has started successfully.
23:32:35 INFO  : Successfully done setting XSCT server connection channel  
23:32:36 INFO  : Successfully done setting SDK workspace  
23:32:36 INFO  : Processing command line option -hwspec C:/Users/rzinkstok/agc_clock/agc_clock.sdk/agc_clock.hdf.
23:52:55 INFO  : Registering command handlers for SDK TCF services
23:52:56 INFO  : Launching XSCT server: xsct.bat -interactive C:\Users\rzinkstok\agc_clock\agc_clock.sdk\temp_xsdb_launch_script.tcl
23:52:59 INFO  : XSCT server has started successfully.
23:52:59 INFO  : Processing command line option -hwspec C:/Users/rzinkstok/agc_clock/agc_clock.sdk/agc_clock.hdf.
23:52:59 INFO  : Successfully done setting XSCT server connection channel  
23:52:59 INFO  : Successfully done setting SDK workspace  
23:52:59 INFO  : Checking for hwspec changes in the project agc_clock_hw_platform_0.
23:53:02 INFO  : SDK has detected change in the last modified timestamps for source hardware specification file Source:1569880175117,  Project:1569878589588
23:53:02 INFO  : The hardware specification for project 'agc_clock_hw_platform_0' is different from C:/Users/rzinkstok/agc_clock/agc_clock.sdk/agc_clock.hdf.
23:53:03 INFO  : Copied contents of C:/Users/rzinkstok/agc_clock/agc_clock.sdk/agc_clock.hdf into \agc_clock_hw_platform_0\system.hdf.
23:53:05 INFO  : Synchronizing projects in the workspace with the hardware platform specification changes.
23:53:05 INFO  : Clearing existing target manager status.
23:53:05 INFO  : Workspace synchronized with the new hardware specification file. Cleaning dependent projects...
23:53:05 WARN  : Linker script will not be updated automatically. Users need to update it manually.
23:54:46 INFO  : Registering command handlers for SDK TCF services
23:54:47 INFO  : Launching XSCT server: xsct.bat -interactive C:\Users\rzinkstok\agc_clock\agc_clock.sdk\temp_xsdb_launch_script.tcl
23:54:49 INFO  : XSCT server has started successfully.
23:54:49 INFO  : Successfully done setting XSCT server connection channel  
23:54:50 INFO  : Processing command line option -hwspec C:/Users/rzinkstok/agc_clock/agc_clock.sdk/agc_clock.hdf.
23:54:50 INFO  : Successfully done setting SDK workspace  
23:54:50 INFO  : Checking for hwspec changes in the project agc_clock_hw_platform_0.
23:55:59 INFO  : Invoking Bootgen: bootgen -image HelloWorld.bif -arch zynq -o C:\Users\rzinkstok\agc_clock\agc_clock.sdk\HelloWorld\bootimage\BOOT.mcs
23:55:59 INFO  : Creating new bif file C:\Users\rzinkstok\agc_clock\agc_clock.sdk\HelloWorld\bootimage\HelloWorld.bif
23:56:03 INFO  : Bootgen command execution is done.
